<?xml version="1.0" encoding="utf-8" ?>
<!DOCTYPE html PUBLIC "-//W3C//DTD XHTML 1.0 Strict//EN"
        "http://www.w3.org/TR/xhtml1/DTD/xhtml1-strict.dtd">
<html xmlns="http://www.w3.org/1999/xhtml" xml:lang="" lang="">
<head>
  <title>Test Results Report - loginCase</title>
  <meta http-equiv="Content-Type" content="text/html;charset=utf-8" />
  <meta name="description" content="TestNG unit test results." />
  <link href="reportng.css" rel="stylesheet" type="text/css" />
    <script type="text/javascript" src="reportng.js"></script>
</head>
<body>
<h1>loginCase</h1>
<p>
  Test duration: 37.674s
</p>



  <table class="resultsTable">
    <tr>
		<th colspan="1" class="header failed">Failed Tests</th>
		<th colspan="1" class="header failed">Duration</th>
		<th colspan="1" class="header failed">Log Info</th>
		<th colspan="1" class="header failed">Screen Shot</th>
	</tr>
          <tr>
        <td colspan="3" class="group">testCase.loginCase</td>
      </tr>
            
<tr>
  <td class="method">
                  login
      </td>
  <td class="duration">
    8.321s
  </td>
  <td class="result">
        
          <i>Method arguments: </i><span class="arguments">"admin", "123456789", "http://47.56.97.57:8098/#/login1"</span><br />
    
            <div class="testOutput">
                        <img src='http://localhost\screenshot\loginCase\2020-01-06\1578291363286.jpg'height='100' width='100'><a href='http://localhost\screenshot\loginCase\2020-01-06\1578291363286.jpg' target='_blank'>点击查看大图</a></img>
                  </div>
    

        <a href="javascript:toggleElement('exception-0', 'block')" title="Click to expand/collapse"><b>java.lang.AssertionError: expected [true] but found [false]</b></a><br />
    <div class="stackTrace" id="exception-0">
              org.testng.Assert.fail(Assert.java:94)<br />
              org.testng.Assert.failNotEquals(Assert.java:494)<br />
              org.testng.Assert.assertTrue(Assert.java:42)<br />
              org.testng.Assert.assertTrue(Assert.java:52)<br />
              util.Assertion.assertUrlContains(Assertion.java:27)<br />
              testCase.loginCase.login(loginCase.java:30)<br />
              sun.reflect.NativeMethodAccessorImpl.invoke0(Native Method)<br />
              sun.reflect.NativeMethodAccessorImpl.invoke(NativeMethodAccessorImpl.java:62)<br />
              sun.reflect.DelegatingMethodAccessorImpl.invoke(DelegatingMethodAccessorImpl.java:43)<br />
              java.lang.reflect.Method.invoke(Method.java:498)<br />
              org.testng.internal.MethodInvocationHelper.invokeMethod(MethodInvocationHelper.java:84)<br />
              org.testng.internal.Invoker.invokeMethod(Invoker.java:714)<br />
              org.testng.internal.Invoker.invokeTestMethod(Invoker.java:901)<br />
              org.testng.internal.Invoker.invokeTestMethods(Invoker.java:1231)<br />
              org.testng.internal.TestMethodWorker.invokeTestMethods(TestMethodWorker.java:127)<br />
              org.testng.internal.TestMethodWorker.run(TestMethodWorker.java:111)<br />
              org.testng.TestRunner.privateRun(TestRunner.java:767)<br />
              org.testng.TestRunner.run(TestRunner.java:617)<br />
              org.testng.SuiteRunner.runTest(SuiteRunner.java:348)<br />
              org.testng.SuiteRunner.runSequentially(SuiteRunner.java:343)<br />
              org.testng.SuiteRunner.privateRun(SuiteRunner.java:305)<br />
              org.testng.SuiteRunner.run(SuiteRunner.java:254)<br />
              org.testng.SuiteRunnerWorker.runSuite(SuiteRunnerWorker.java:52)<br />
              org.testng.SuiteRunnerWorker.run(SuiteRunnerWorker.java:86)<br />
              org.testng.TestNG.runSuitesSequentially(TestNG.java:1224)<br />
              org.testng.TestNG.runSuitesLocally(TestNG.java:1149)<br />
              org.testng.TestNG.run(TestNG.java:1057)<br />
              org.apache.maven.surefire.testng.TestNGExecutor.run(TestNGExecutor.java:74)<br />
              org.apache.maven.surefire.testng.TestNGXmlTestSuite.execute(TestNGXmlTestSuite.java:93)<br />
              org.apache.maven.surefire.testng.TestNGProvider.invoke(TestNGProvider.java:101)<br />
              sun.reflect.NativeMethodAccessorImpl.invoke0(Native Method)<br />
              sun.reflect.NativeMethodAccessorImpl.invoke(NativeMethodAccessorImpl.java:62)<br />
              sun.reflect.DelegatingMethodAccessorImpl.invoke(DelegatingMethodAccessorImpl.java:43)<br />
              java.lang.reflect.Method.invoke(Method.java:498)<br />
              org.apache.maven.surefire.booter.ProviderFactory$ClassLoaderProxy.invoke(ProviderFactory.java:103)<br />
              com.sun.proxy.$Proxy0.invoke(Unknown Source)<br />
              org.apache.maven.surefire.booter.SurefireStarter.invokeProvider(SurefireStarter.java:145)<br />
              org.apache.maven.surefire.booter.SurefireStarter.runSuitesInProcess(SurefireStarter.java:87)<br />
              org.apache.maven.surefire.booter.ForkedBooter.main(ForkedBooter.java:69)<br />
                </div>
      </td>
  
 
</tr>
<tr>
  <td class="method">
                  login
      </td>
  <td class="duration">
    8.334s
  </td>
  <td class="result">
        
          <i>Method arguments: </i><span class="arguments">"", "", "http://47.56.97.57:8098/#/login1"</span><br />
    
            <div class="testOutput">
                        <img src='http://localhost\screenshot\loginCase\2020-01-06\1578291372981.jpg'height='100' width='100'><a href='http://localhost\screenshot\loginCase\2020-01-06\1578291372981.jpg' target='_blank'>点击查看大图</a></img>
                  </div>
    

        <a href="javascript:toggleElement('exception-1', 'block')" title="Click to expand/collapse"><b>java.lang.AssertionError: expected [true] but found [false]</b></a><br />
    <div class="stackTrace" id="exception-1">
              org.testng.Assert.fail(Assert.java:94)<br />
              org.testng.Assert.failNotEquals(Assert.java:494)<br />
              org.testng.Assert.assertTrue(Assert.java:42)<br />
              org.testng.Assert.assertTrue(Assert.java:52)<br />
              util.Assertion.assertUrlContains(Assertion.java:27)<br />
              testCase.loginCase.login(loginCase.java:30)<br />
              sun.reflect.NativeMethodAccessorImpl.invoke0(Native Method)<br />
              sun.reflect.NativeMethodAccessorImpl.invoke(NativeMethodAccessorImpl.java:62)<br />
              sun.reflect.DelegatingMethodAccessorImpl.invoke(DelegatingMethodAccessorImpl.java:43)<br />
              java.lang.reflect.Method.invoke(Method.java:498)<br />
              org.testng.internal.MethodInvocationHelper.invokeMethod(MethodInvocationHelper.java:84)<br />
              org.testng.internal.Invoker.invokeMethod(Invoker.java:714)<br />
              org.testng.internal.Invoker.invokeTestMethod(Invoker.java:901)<br />
              org.testng.internal.Invoker.invokeTestMethods(Invoker.java:1231)<br />
              org.testng.internal.TestMethodWorker.invokeTestMethods(TestMethodWorker.java:127)<br />
              org.testng.internal.TestMethodWorker.run(TestMethodWorker.java:111)<br />
              org.testng.TestRunner.privateRun(TestRunner.java:767)<br />
              org.testng.TestRunner.run(TestRunner.java:617)<br />
              org.testng.SuiteRunner.runTest(SuiteRunner.java:348)<br />
              org.testng.SuiteRunner.runSequentially(SuiteRunner.java:343)<br />
              org.testng.SuiteRunner.privateRun(SuiteRunner.java:305)<br />
              org.testng.SuiteRunner.run(SuiteRunner.java:254)<br />
              org.testng.SuiteRunnerWorker.runSuite(SuiteRunnerWorker.java:52)<br />
              org.testng.SuiteRunnerWorker.run(SuiteRunnerWorker.java:86)<br />
              org.testng.TestNG.runSuitesSequentially(TestNG.java:1224)<br />
              org.testng.TestNG.runSuitesLocally(TestNG.java:1149)<br />
              org.testng.TestNG.run(TestNG.java:1057)<br />
              org.apache.maven.surefire.testng.TestNGExecutor.run(TestNGExecutor.java:74)<br />
              org.apache.maven.surefire.testng.TestNGXmlTestSuite.execute(TestNGXmlTestSuite.java:93)<br />
              org.apache.maven.surefire.testng.TestNGProvider.invoke(TestNGProvider.java:101)<br />
              sun.reflect.NativeMethodAccessorImpl.invoke0(Native Method)<br />
              sun.reflect.NativeMethodAccessorImpl.invoke(NativeMethodAccessorImpl.java:62)<br />
              sun.reflect.DelegatingMethodAccessorImpl.invoke(DelegatingMethodAccessorImpl.java:43)<br />
              java.lang.reflect.Method.invoke(Method.java:498)<br />
              org.apache.maven.surefire.booter.ProviderFactory$ClassLoaderProxy.invoke(ProviderFactory.java:103)<br />
              com.sun.proxy.$Proxy0.invoke(Unknown Source)<br />
              org.apache.maven.surefire.booter.SurefireStarter.invokeProvider(SurefireStarter.java:145)<br />
              org.apache.maven.surefire.booter.SurefireStarter.runSuitesInProcess(SurefireStarter.java:87)<br />
              org.apache.maven.surefire.booter.ForkedBooter.main(ForkedBooter.java:69)<br />
                </div>
      </td>
  
 
</tr>
<tr>
  <td class="method">
                  loginTrue
      </td>
  <td class="duration">
    8.284s
  </td>
  <td class="result">
        
          <i>Method arguments: </i><span class="arguments">"admin1", "123456", "http://47.56.97.57:8098/#/dashboard/dashbroad-index/sys-index"</span><br />
    
            <div class="testOutput">
                        <img src='http://localhost\screenshot\loginCase\2020-01-06\1578291382563.jpg'height='100' width='100'><a href='http://localhost\screenshot\loginCase\2020-01-06\1578291382563.jpg' target='_blank'>点击查看大图</a></img>
                  </div>
    

        <a href="javascript:toggleElement('exception-2', 'block')" title="Click to expand/collapse"><b>java.lang.AssertionError: expected [true] but found [false]</b></a><br />
    <div class="stackTrace" id="exception-2">
              org.testng.Assert.fail(Assert.java:94)<br />
              org.testng.Assert.failNotEquals(Assert.java:494)<br />
              org.testng.Assert.assertTrue(Assert.java:42)<br />
              org.testng.Assert.assertTrue(Assert.java:52)<br />
              util.Assertion.assertUrlContains(Assertion.java:27)<br />
              testCase.loginCase.loginTrue(loginCase.java:48)<br />
              sun.reflect.NativeMethodAccessorImpl.invoke0(Native Method)<br />
              sun.reflect.NativeMethodAccessorImpl.invoke(NativeMethodAccessorImpl.java:62)<br />
              sun.reflect.DelegatingMethodAccessorImpl.invoke(DelegatingMethodAccessorImpl.java:43)<br />
              java.lang.reflect.Method.invoke(Method.java:498)<br />
              org.testng.internal.MethodInvocationHelper.invokeMethod(MethodInvocationHelper.java:84)<br />
              org.testng.internal.Invoker.invokeMethod(Invoker.java:714)<br />
              org.testng.internal.Invoker.invokeTestMethod(Invoker.java:901)<br />
              org.testng.internal.Invoker.invokeTestMethods(Invoker.java:1231)<br />
              org.testng.internal.TestMethodWorker.invokeTestMethods(TestMethodWorker.java:127)<br />
              org.testng.internal.TestMethodWorker.run(TestMethodWorker.java:111)<br />
              org.testng.TestRunner.privateRun(TestRunner.java:767)<br />
              org.testng.TestRunner.run(TestRunner.java:617)<br />
              org.testng.SuiteRunner.runTest(SuiteRunner.java:348)<br />
              org.testng.SuiteRunner.runSequentially(SuiteRunner.java:343)<br />
              org.testng.SuiteRunner.privateRun(SuiteRunner.java:305)<br />
              org.testng.SuiteRunner.run(SuiteRunner.java:254)<br />
              org.testng.SuiteRunnerWorker.runSuite(SuiteRunnerWorker.java:52)<br />
              org.testng.SuiteRunnerWorker.run(SuiteRunnerWorker.java:86)<br />
              org.testng.TestNG.runSuitesSequentially(TestNG.java:1224)<br />
              org.testng.TestNG.runSuitesLocally(TestNG.java:1149)<br />
              org.testng.TestNG.run(TestNG.java:1057)<br />
              org.apache.maven.surefire.testng.TestNGExecutor.run(TestNGExecutor.java:74)<br />
              org.apache.maven.surefire.testng.TestNGXmlTestSuite.execute(TestNGXmlTestSuite.java:93)<br />
              org.apache.maven.surefire.testng.TestNGProvider.invoke(TestNGProvider.java:101)<br />
              sun.reflect.NativeMethodAccessorImpl.invoke0(Native Method)<br />
              sun.reflect.NativeMethodAccessorImpl.invoke(NativeMethodAccessorImpl.java:62)<br />
              sun.reflect.DelegatingMethodAccessorImpl.invoke(DelegatingMethodAccessorImpl.java:43)<br />
              java.lang.reflect.Method.invoke(Method.java:498)<br />
              org.apache.maven.surefire.booter.ProviderFactory$ClassLoaderProxy.invoke(ProviderFactory.java:103)<br />
              com.sun.proxy.$Proxy0.invoke(Unknown Source)<br />
              org.apache.maven.surefire.booter.SurefireStarter.invokeProvider(SurefireStarter.java:145)<br />
              org.apache.maven.surefire.booter.SurefireStarter.runSuitesInProcess(SurefireStarter.java:87)<br />
              org.apache.maven.surefire.booter.ForkedBooter.main(ForkedBooter.java:69)<br />
                </div>
      </td>
  
 
</tr>
      </table>


  <table class="resultsTable">
    <tr><th colspan="3" class="header passed">Passed Tests</th></tr>
          <tr>
        <td colspan="3" class="group">testCase.loginCase</td>
      </tr>
            
<tr>
  <td class="method">
                  login
      </td>
  <td class="duration">
    1.087s
  </td>
  <td class="result">
        
          <i>Method arguments: </i><span class="arguments">"", "123456", "http://47.56.97.57:8098/#/login"</span><br />
    
        

      </td>
  
 
</tr>
<tr>
  <td class="method">
                  login
      </td>
  <td class="duration">
    0.418s
  </td>
  <td class="result">
        
          <i>Method arguments: </i><span class="arguments">"admin1", "123456", "http://47.56.97.57:8098/#/login"</span><br />
    
        

      </td>
  
 
</tr>
<tr>
  <td class="method">
                  login
      </td>
  <td class="duration">
    0.467s
  </td>
  <td class="result">
        
          <i>Method arguments: </i><span class="arguments">"admin", "", "http://47.56.97.57:8098/#/login"</span><br />
    
        

      </td>
  
 
</tr>
      </table>
  
</body>
</html>
